<?xml version="1.0" encoding="UTF-8"?>
<!-- Generated by org.testng.reporters.JUnitReportReporter -->
<testsuite skipped="0" hostname="Infva05450" name="integration.LoginAndOneWayIntegration" tests="5" failures="0" timestamp="25 Jan 2019 16:40:29 GMT" time="198.195" errors="0">
  <testcase name="oneWaySearch" time="27.824" classname="integration.LoginAndOneWayIntegration"/>
  <testcase name="oneWaySearch" time="12.838" classname="integration.LoginAndOneWayIntegration"/>
  <testcase name="oneWaySearch" time="13.512" classname="integration.LoginAndOneWayIntegration"/>
  <testcase name="oneWayBook" time="37.570" classname="integration.LoginAndOneWayIntegration"/>
  <testcase name="payment2Test" time="106.451" classname="integration.LoginAndOneWayIntegration"/>
</testsuite> <!-- integration.LoginAndOneWayIntegration -->
