<?xml version="1.0" encoding="UTF-8"?>
<!-- Generated by org.testng.reporters.JUnitReportReporter -->
<testsuite skipped="0" hostname="Infva05450" name="integration.RoundTripAndPaymentIntegration" tests="5" failures="0" timestamp="25 Jan 2019 16:00:16 GMT" time="235.090" errors="0">
  <testcase name="roundTripSearch" time="23.345" classname="integration.RoundTripAndPaymentIntegration"/>
  <testcase name="roundTripSearch" time="12.308" classname="integration.RoundTripAndPaymentIntegration"/>
  <testcase name="roundTripSearch" time="13.663" classname="integration.RoundTripAndPaymentIntegration"/>
  <testcase name="bookRoundTrip" time="61.514" classname="integration.RoundTripAndPaymentIntegration"/>
  <testcase name="payment2Test" time="124.260" classname="integration.RoundTripAndPaymentIntegration"/>
</testsuite> <!-- integration.RoundTripAndPaymentIntegration -->
