<?xml version="1.0" encoding="UTF-8"?>
<!-- Generated by org.testng.reporters.JUnitReportReporter -->
<testsuite skipped="0" hostname="Infva05450" name="testexecution.Execute" tests="1" failures="0" timestamp="24 Jan 2019 09:57:03 GMT" time="25.180" errors="0">
  <testcase name="payment2Test" time="25.180" classname="testexecution.Execute"/>
</testsuite> <!-- testexecution.Execute -->
