<?xml version="1.0" encoding="UTF-8"?>
<!-- Generated by org.testng.reporters.JUnitReportReporter -->
<testsuite skipped="0" hostname="Infva05450" name="integration.LoginAndOneWayIntegration" tests="5" failures="0" timestamp="25 Jan 2019 15:15:48 GMT" time="194.434" errors="0">
  <testcase name="oneWaySearch" time="23.105" classname="integration.LoginAndOneWayIntegration"/>
  <testcase name="oneWaySearch" time="14.270" classname="integration.LoginAndOneWayIntegration"/>
  <testcase name="oneWaySearch" time="12.860" classname="integration.LoginAndOneWayIntegration"/>
  <testcase name="oneWayBook" time="40.386" classname="integration.LoginAndOneWayIntegration"/>
  <testcase name="payment2Test" time="103.813" classname="integration.LoginAndOneWayIntegration"/>
</testsuite> <!-- integration.LoginAndOneWayIntegration -->
