<?xml version="1.0" encoding="UTF-8"?>
<!-- Generated by org.testng.reporters.JUnitReportReporter -->
<testsuite skipped="0" hostname="Infva05450" name="integration.MultiCityAndPayment" tests="2" failures="0" timestamp="25 Jan 2019 15:11:59 GMT" time="151.904" errors="0">
  <testcase name="multiCityBooking" time="62.189" classname="integration.MultiCityAndPayment"/>
  <testcase name="payment2Test" time="89.715" classname="integration.MultiCityAndPayment"/>
</testsuite> <!-- integration.MultiCityAndPayment -->
