<?xml version="1.0" encoding="UTF-8"?>
<!-- Generated by org.testng.reporters.JUnitReportReporter -->
<testsuite skipped="0" hostname="Infva05450" name="integration.RegistrationAndMultiCity" tests="1" failures="0" timestamp="25 Jan 2019 09:52:26 GMT" time="76.255" errors="0">
  <testcase name="test" time="76.255" classname="integration.RegistrationAndMultiCity"/>
</testsuite> <!-- integration.RegistrationAndMultiCity -->
