<?xml version="1.0" encoding="UTF-8"?>
<!-- Generated by org.testng.reporters.JUnitReportReporter -->
<testsuite skipped="0" hostname="Infva05450" name="execute.BookingExecute" tests="1" failures="0" timestamp="21 Jan 2019 11:49:53 GMT" time="58.454" errors="0">
  <testcase name="f" time="58.454" classname="execute.BookingExecute"/>
</testsuite> <!-- execute.BookingExecute -->
